2025-11-24 16:36:15,598 - INFO - app - Starting FastAPI application...
2025-11-24 16:38:35,939 - INFO - app - Starting FastAPI application...
2025-11-24 16:40:40,069 - INFO - app - Starting FastAPI application...
2025-11-24 16:42:02,868 - INFO - app - Starting FastAPI application...
2025-11-24 16:42:43,512 - INFO - app - Adding product 1 (qty 2) to cart 2
2025-11-24 16:42:43,523 - INFO - app - Ensuring product 1 exists in local DB
2025-11-24 16:42:43,524 - INFO - app - Product 1 already exists locally
2025-11-24 16:42:43,525 - INFO - app - Created new cart_item for cart 2, product 1, quantity 2
2025-11-24 16:42:49,333 - INFO - app - Creating order for user 2
2025-11-24 16:42:49,347 - INFO - app - Calculated order total 219.9 for user 2
2025-11-24 16:42:49,351 - INFO - app - Order 2 created for user 2
2025-11-24 16:42:58,465 - INFO - app - Fetching order 1
2025-11-24 16:43:03,375 - INFO - app - Listing orders for user 2
2025-11-24 16:43:43,457 - INFO - app - Creating user with email: order_test@example.com
2025-11-24 16:43:43,467 - INFO - app - User created with id: 3
2025-11-24 16:49:06,492 - INFO - app - Starting FastAPI application...
2025-11-24 17:04:51,707 - INFO - app - Starting FastAPI application...
2025-11-24 17:04:52,203 - INFO - app - Starting FastAPI application...
2025-11-24 17:06:05,840 - INFO - app - Starting FastAPI application...
2025-11-24 17:14:35,798 - INFO - app - Starting FastAPI application...
2025-11-24 17:20:27,305 - INFO - app - Starting FastAPI application...
2025-11-24 17:20:39,580 - INFO - app - Starting FastAPI application...
2025-11-24 17:20:55,339 - INFO - app - Starting FastAPI application...
2025-11-24 17:25:12,260 - INFO - app - Request to create/get cart for user 5
2025-11-24 17:25:12,261 - INFO - app - Getting or creating cart for user 5
2025-11-24 17:25:12,268 - INFO - app - Created new cart 3 for user 5
